Campo no encontrado: Fecha
Campo no encontrado: Tecnico
Campo no encontrado: Fecha
Campo no encontrado: Tecnico
Campo no encontrado: Autorizante
Campo no encontrado: Recibido
Campo no encontrado: DirigidoA
Campo no encontrado: Fecha
Campo no encontrado: Tecnico
Campo no encontrado: Autorizante
Campo no encontrado: Recibido
Campo no encontrado: DirigidoA
Campo no encontrado: Autorizante
Campo no encontrado: Recibido
Campo no encontrado: DirigidoA
Campo no encontrado: recibido
Campo no encontrado: dirigido a
Campo no encontrado: recibido
Campo no encontrado: recibido
Campo no encontrado: recibido
Campo no encontrado: recibido
Campo no encontrado: recibido
Campo no encontrado: recibido
Campo no encontrado: recibido
Campo no encontrado: recibido
Campo no encontrado: recibido
Campo no encontrado: recibido
Campo no encontrado: recibido
Campo no encontrado: recibido
Campo no encontrado: recibido
Campo no encontrado: recibido
Campo no encontrado: recibido
Campo no encontrado: recibido
Campo no encontrado: recibido
Campo no encontrado: recibido
Campo no encontrado: recibido
Campo no encontrado: recibido
Campo no encontrado: recibido
Campo no encontrado: recibido
Campo no encontrado: recibido
Campo no encontrado: recibido
Campo no encontrado: recibido
Campo no encontrado: recibido
Campo no encontrado: recibido
Campo no encontrado: recibido
Campo no encontrado: recibido
Campo no encontrado: recibido
Campo no encontrado: recibido
Campo no encontrado: recibido
Campo no encontrado: recibido
Campo no encontrado: recibido
