Campo no encontrado: descripcion1
Campo no encontrado: usuario1
Campo no encontrado: cantidad1
Campo no encontrado: detalle1
Campo no encontrado: recibido1
Campo no encontrado: descripcion2
Campo no encontrado: usuario2
Campo no encontrado: cantidad2
Campo no encontrado: detalle2
Campo no encontrado: recibido2
Campo no encontrado: descripcion3
Campo no encontrado: usuario3
Campo no encontrado: cantidad3
Campo no encontrado: detalle3
Campo no encontrado: recibido3
Campo no encontrado: descripcion4
Campo no encontrado: usuario4
Campo no encontrado: cantidad4
Campo no encontrado: detalle4
Campo no encontrado: recibido4
Campo no encontrado: descripcion5
Campo no encontrado: usuario5
Campo no encontrado: cantidad5
Campo no encontrado: detalle5
Campo no encontrado: recibido5
Campo no encontrado: descripcion6
Campo no encontrado: usuario6
Campo no encontrado: cantidad6
Campo no encontrado: detalle6
Campo no encontrado: recibido6
Campo no encontrado: descripcion7
Campo no encontrado: usuario7
Campo no encontrado: cantidad7
Campo no encontrado: detalle7
Campo no encontrado: recibido7
Campo no encontrado: descripcion8
Campo no encontrado: usuario8
Campo no encontrado: cantidad8
Campo no encontrado: detalle8
Campo no encontrado: recibido8
Campo no encontrado: descripcion9
Campo no encontrado: usuario9
Campo no encontrado: cantidad9
Campo no encontrado: detalle9
Campo no encontrado: recibido9
Campo no encontrado: descripcion10
Campo no encontrado: usuario10
Campo no encontrado: cantidad10
Campo no encontrado: detalle10
Campo no encontrado: recibido10
